{
  "stats": {
    "suites": 1,
    "tests": 1,
    "passes": 1,
    "pending": 0,
    "failures": 0,
    "start": "2020-10-08T14:06:54.422Z",
    "end": "2020-10-08T14:06:58.698Z",
    "duration": 4276,
    "testsRegistered": 1,
    "passPercent": 100,
    "pendingPercent": 0,
    "other": 0,
    "hasOther": false,
    "skipped": 0,
    "hasSkipped": false
  },
  "results": [
    {
      "uuid": "95f2e114-ade7-4318-b2a8-88de2a5629c4",
      "title": "",
      "fullFile": "cypress/integration/ui_tests/create-account.spec.ts",
      "file": "cypress/integration/ui_tests/create-account.spec.ts",
      "beforeHooks": [],
      "afterHooks": [],
      "tests": [],
      "suites": [
        {
          "uuid": "e3a175f8-8f88-4ac0-9ccc-66fc4dccde9c",
          "title": "Creating bank account",
          "fullFile": "",
          "file": "",
          "beforeHooks": [],
          "afterHooks": [],
          "tests": [
            {
              "title": "should give bank details and save",
              "fullTitle": "Creating bank account should give bank details and save",
              "timedOut": null,
              "duration": 4234,
              "state": "passed",
              "speed": "slow",
              "pass": true,
              "fail": false,
              "pending": false,
              "context": null,
              "code": "bankAccount.clickOnBankAccountsTab();\nbankAccount.clickOnNewAccount();\nbankAccount.typeBankName();\nbankAccount.typeRoutingNumber();\nbankAccount.typeAccountNumber();\nbankAccount.clickOnSave();",
              "err": {},
              "uuid": "08f9b951-1b0f-4cc3-9750-4ae4d7425236",
              "parentUUID": "e3a175f8-8f88-4ac0-9ccc-66fc4dccde9c",
              "isHook": false,
              "skipped": false
            }
          ],
          "suites": [],
          "passes": [
            "08f9b951-1b0f-4cc3-9750-4ae4d7425236"
          ],
          "failures": [],
          "pending": [],
          "skipped": [],
          "duration": 4234,
          "root": false,
          "rootEmpty": false,
          "_timeout": 2000
        }
      ],
      "passes": [],
      "failures": [],
      "pending": [],
      "skipped": [],
      "duration": 0,
      "root": true,
      "rootEmpty": true,
      "_timeout": 2000
    }
  ],
  "meta": {
    "mocha": {
      "version": "7.0.1"
    },
    "mochawesome": {
      "options": {
        "quiet": false,
        "reportFilename": "mochawesome",
        "saveHtml": false,
        "saveJson": true,
        "consoleReporter": "spec",
        "useInlineDiffs": false,
        "code": true
      },
      "version": "6.1.1"
    },
    "marge": {
      "options": {
        "id": "default",
        "reportDir": "cypress/reports/mocha",
        "quite": true,
        "overwrite": false,
        "html": false,
        "json": true
      },
      "version": "5.1.0"
    }
  }
}