{
  "stats": {
    "suites": 1,
    "tests": 1,
    "passes": 1,
    "pending": 0,
    "failures": 0,
    "start": "2020-10-08T14:07:02.053Z",
    "end": "2020-10-08T14:07:05.908Z",
    "duration": 3855,
    "testsRegistered": 1,
    "passPercent": 100,
    "pendingPercent": 0,
    "other": 0,
    "hasOther": false,
    "skipped": 0,
    "hasSkipped": false
  },
  "results": [
    {
      "uuid": "c8dc5e2b-28f2-4908-a382-04b7acf15a49",
      "title": "",
      "fullFile": "cypress/integration/ui_tests/create-transaction.spec.ts",
      "file": "cypress/integration/ui_tests/create-transaction.spec.ts",
      "beforeHooks": [],
      "afterHooks": [],
      "tests": [],
      "suites": [
        {
          "uuid": "eb6eecc5-7767-46df-8656-a8a1454dbaa0",
          "title": "Creating Transaction",
          "fullFile": "",
          "file": "",
          "beforeHooks": [],
          "afterHooks": [],
          "tests": [
            {
              "title": "should fill the details and create transacion",
              "fullTitle": "Creating Transaction should fill the details and create transacion",
              "timedOut": null,
              "duration": 3809,
              "state": "passed",
              "speed": "slow",
              "pass": true,
              "fail": false,
              "pending": false,
              "context": null,
              "code": "transaction.clickOnNewTransaction();\ntransaction.selectFriend();\ntransaction.typeAmount();\ntransaction.typeDescription();\ntransaction.clickOnSave();",
              "err": {},
              "uuid": "bcfd66ca-8786-4567-870c-ebde37fc2cea",
              "parentUUID": "eb6eecc5-7767-46df-8656-a8a1454dbaa0",
              "isHook": false,
              "skipped": false
            }
          ],
          "suites": [],
          "passes": [
            "bcfd66ca-8786-4567-870c-ebde37fc2cea"
          ],
          "failures": [],
          "pending": [],
          "skipped": [],
          "duration": 3809,
          "root": false,
          "rootEmpty": false,
          "_timeout": 2000
        }
      ],
      "passes": [],
      "failures": [],
      "pending": [],
      "skipped": [],
      "duration": 0,
      "root": true,
      "rootEmpty": true,
      "_timeout": 2000
    }
  ],
  "meta": {
    "mocha": {
      "version": "7.0.1"
    },
    "mochawesome": {
      "options": {
        "quiet": false,
        "reportFilename": "mochawesome",
        "saveHtml": false,
        "saveJson": true,
        "consoleReporter": "spec",
        "useInlineDiffs": false,
        "code": true
      },
      "version": "6.1.1"
    },
    "marge": {
      "options": {
        "id": "default",
        "reportDir": "cypress/reports/mocha",
        "quite": true,
        "overwrite": false,
        "html": false,
        "json": true
      },
      "version": "5.1.0"
    }
  }
}