{
  "stats": {
    "suites": 5,
    "tests": 6,
    "passes": 6,
    "pending": 0,
    "failures": 0,
    "start": "2020-10-08T14:06:54.422Z",
    "end": "2020-10-08T14:07:30.709Z",
    "duration": 22318,
    "testsRegistered": 6,
    "passPercent": 100,
    "pendingPercent": 0,
    "other": 0,
    "hasOther": false,
    "skipped": 0,
    "hasSkipped": false
  },
  "results": [
    {
      "uuid": "95f2e114-ade7-4318-b2a8-88de2a5629c4",
      "title": "",
      "fullFile": "cypress/integration/ui_tests/create-account.spec.ts",
      "file": "cypress/integration/ui_tests/create-account.spec.ts",
      "beforeHooks": [],
      "afterHooks": [],
      "tests": [],
      "suites": [
        {
          "uuid": "e3a175f8-8f88-4ac0-9ccc-66fc4dccde9c",
          "title": "Creating bank account",
          "fullFile": "",
          "file": "",
          "beforeHooks": [],
          "afterHooks": [],
          "tests": [
            {
              "title": "should give bank details and save",
              "fullTitle": "Creating bank account should give bank details and save",
              "timedOut": null,
              "duration": 4234,
              "state": "passed",
              "speed": "slow",
              "pass": true,
              "fail": false,
              "pending": false,
              "context": null,
              "code": "bankAccount.clickOnBankAccountsTab();\nbankAccount.clickOnNewAccount();\nbankAccount.typeBankName();\nbankAccount.typeRoutingNumber();\nbankAccount.typeAccountNumber();\nbankAccount.clickOnSave();",
              "err": {},
              "uuid": "08f9b951-1b0f-4cc3-9750-4ae4d7425236",
              "parentUUID": "e3a175f8-8f88-4ac0-9ccc-66fc4dccde9c",
              "isHook": false,
              "skipped": false
            }
          ],
          "suites": [],
          "passes": [
            "08f9b951-1b0f-4cc3-9750-4ae4d7425236"
          ],
          "failures": [],
          "pending": [],
          "skipped": [],
          "duration": 4234,
          "root": false,
          "rootEmpty": false,
          "_timeout": 2000
        }
      ],
      "passes": [],
      "failures": [],
      "pending": [],
      "skipped": [],
      "duration": 0,
      "root": true,
      "rootEmpty": true,
      "_timeout": 2000
    },
    {
      "uuid": "c8dc5e2b-28f2-4908-a382-04b7acf15a49",
      "title": "",
      "fullFile": "cypress/integration/ui_tests/create-transaction.spec.ts",
      "file": "cypress/integration/ui_tests/create-transaction.spec.ts",
      "beforeHooks": [],
      "afterHooks": [],
      "tests": [],
      "suites": [
        {
          "uuid": "eb6eecc5-7767-46df-8656-a8a1454dbaa0",
          "title": "Creating Transaction",
          "fullFile": "",
          "file": "",
          "beforeHooks": [],
          "afterHooks": [],
          "tests": [
            {
              "title": "should fill the details and create transacion",
              "fullTitle": "Creating Transaction should fill the details and create transacion",
              "timedOut": null,
              "duration": 3809,
              "state": "passed",
              "speed": "slow",
              "pass": true,
              "fail": false,
              "pending": false,
              "context": null,
              "code": "transaction.clickOnNewTransaction();\ntransaction.selectFriend();\ntransaction.typeAmount();\ntransaction.typeDescription();\ntransaction.clickOnSave();",
              "err": {},
              "uuid": "bcfd66ca-8786-4567-870c-ebde37fc2cea",
              "parentUUID": "eb6eecc5-7767-46df-8656-a8a1454dbaa0",
              "isHook": false,
              "skipped": false
            }
          ],
          "suites": [],
          "passes": [
            "bcfd66ca-8786-4567-870c-ebde37fc2cea"
          ],
          "failures": [],
          "pending": [],
          "skipped": [],
          "duration": 3809,
          "root": false,
          "rootEmpty": false,
          "_timeout": 2000
        }
      ],
      "passes": [],
      "failures": [],
      "pending": [],
      "skipped": [],
      "duration": 0,
      "root": true,
      "rootEmpty": true,
      "_timeout": 2000
    },
    {
      "uuid": "05d998da-4c92-4828-8749-eeb7db9203c6",
      "title": "",
      "fullFile": "cypress/integration/ui_tests/signup-input-validation.spec.ts",
      "file": "cypress/integration/ui_tests/signup-input-validation.spec.ts",
      "beforeHooks": [],
      "afterHooks": [],
      "tests": [],
      "suites": [
        {
          "uuid": "7f3fa5a2-0301-4959-ac39-9ddaacfc9399",
          "title": "User Signup (Exception Path)",
          "fullFile": "",
          "file": "",
          "beforeHooks": [],
          "afterHooks": [],
          "tests": [
            {
              "title": "should give details and signup",
              "fullTitle": "User Signup (Exception Path) should give details and signup",
              "timedOut": null,
              "duration": 4846,
              "state": "passed",
              "speed": "slow",
              "pass": true,
              "fail": false,
              "pending": false,
              "context": null,
              "code": "loginPage.clickOnSignUp();\nsignupPage.typeFirstName();\nsignupPage.clearFirstName();\nsignupPage.typeLastName();\nsignupPage.clearLastName();\nsignupPage.typeUserName();\nsignupPage.clearUserName();\nsignupPage.typePassword();\nsignupPage.clearPassword();\nsignupPage.typeConfirmPassword();\nsignupPage.clearConfirmPassword();\nsignupPage.seesFirstNameError();\nsignupPage.seesLastNameError();\nsignupPage.seesUserNameError();\nsignupPage.seesPasswordError();\nsignupPage.typeMismatchingPasswords();\nsignupPage.seesPasswordMismatchError();\nsignupPage.seesSubmitButtonDisabled();",
              "err": {},
              "uuid": "7c1f48d1-c6a1-46e0-8f02-30c95ad3854b",
              "parentUUID": "7f3fa5a2-0301-4959-ac39-9ddaacfc9399",
              "isHook": false,
              "skipped": false
            }
          ],
          "suites": [],
          "passes": [
            "7c1f48d1-c6a1-46e0-8f02-30c95ad3854b"
          ],
          "failures": [],
          "pending": [],
          "skipped": [],
          "duration": 4846,
          "root": false,
          "rootEmpty": false,
          "_timeout": 2000
        }
      ],
      "passes": [],
      "failures": [],
      "pending": [],
      "skipped": [],
      "duration": 0,
      "root": true,
      "rootEmpty": true,
      "_timeout": 2000
    },
    {
      "uuid": "076bba60-06c5-46aa-9fb8-bda525d53875",
      "title": "",
      "fullFile": "cypress/integration/ui_tests/signup-login.spec.ts",
      "file": "cypress/integration/ui_tests/signup-login.spec.ts",
      "beforeHooks": [],
      "afterHooks": [],
      "tests": [],
      "suites": [
        {
          "uuid": "83493e42-ce50-4927-8ff5-a60eda347d4d",
          "title": "User Signup and login",
          "fullFile": "",
          "file": "",
          "beforeHooks": [],
          "afterHooks": [],
          "tests": [
            {
              "title": "should give details and signup",
              "fullTitle": "User Signup and login should give details and signup",
              "timedOut": null,
              "duration": 3307,
              "state": "passed",
              "speed": "slow",
              "pass": true,
              "fail": false,
              "pending": false,
              "context": null,
              "code": "loginPage.clickOnSignUp();\nsignupPage.typeFirstName();\nsignupPage.typeLastName();\nsignupPage.typeUserName();\nsignupPage.typePassword();\nsignupPage.typeConfirmPassword();\nsignupPage.clickOnSubmit();",
              "err": {},
              "uuid": "c2cd86a6-068a-4089-a022-b71b5c77fc06",
              "parentUUID": "83493e42-ce50-4927-8ff5-a60eda347d4d",
              "isHook": false,
              "skipped": false
            }
          ],
          "suites": [],
          "passes": [
            "c2cd86a6-068a-4089-a022-b71b5c77fc06"
          ],
          "failures": [],
          "pending": [],
          "skipped": [],
          "duration": 3307,
          "root": false,
          "rootEmpty": false,
          "_timeout": 2000
        },
        {
          "uuid": "0d056b26-2b2c-4538-a045-ac5c69a51c30",
          "title": "User login",
          "fullFile": "",
          "file": "",
          "beforeHooks": [],
          "afterHooks": [],
          "tests": [
            {
              "title": "should give credentials and login",
              "fullTitle": "User login should give credentials and login",
              "timedOut": null,
              "duration": 864,
              "state": "passed",
              "speed": "slow",
              "pass": true,
              "fail": false,
              "pending": false,
              "context": null,
              "code": "loginPage.typeUserName();\nloginPage.typePassword();\nloginPage.clickOnSubmit();",
              "err": {},
              "uuid": "7ab1fa58-fe38-4ce6-ae0e-4ec72d823568",
              "parentUUID": "0d056b26-2b2c-4538-a045-ac5c69a51c30",
              "isHook": false,
              "skipped": false
            }
          ],
          "suites": [],
          "passes": [
            "7ab1fa58-fe38-4ce6-ae0e-4ec72d823568"
          ],
          "failures": [],
          "pending": [],
          "skipped": [],
          "duration": 864,
          "root": false,
          "rootEmpty": false,
          "_timeout": 2000
        }
      ],
      "passes": [],
      "failures": [],
      "pending": [],
      "skipped": [],
      "duration": 0,
      "root": true,
      "rootEmpty": true,
      "_timeout": 2000
    },
    {
      "uuid": "1d764978-b1b4-4df7-8eea-20eff4c31c15",
      "title": "",
      "fullFile": "cypress/integration/ui_tests/update-profile.spec.ts",
      "file": "cypress/integration/ui_tests/update-profile.spec.ts",
      "beforeHooks": [],
      "afterHooks": [],
      "tests": [],
      "suites": [
        {
          "uuid": "de41bec9-d88c-4085-bb74-bb796ef4a203",
          "title": "Profile details",
          "fullFile": "",
          "file": "",
          "beforeHooks": [],
          "afterHooks": [],
          "tests": [
            {
              "title": "should fill personal account details and save",
              "fullTitle": "Profile details should fill personal account details and save",
              "timedOut": null,
              "duration": 5258,
              "state": "passed",
              "speed": "slow",
              "pass": true,
              "fail": false,
              "pending": false,
              "context": null,
              "code": "homePage.clickOnMyAccount();\nprofilePage.clearEmail();\nprofilePage.typeInvalidEmail();\nprofilePage.seeEmailError();\nprofilePage.seeSaveButtonDisabled();\nprofilePage.clearEmail();\nprofilePage.typeValidEmail();\nprofilePage.clearPhoneNumber();\nprofilePage.typeInvalidPhoneNumber();\nprofilePage.seePhoneNumberError();\nprofilePage.seeSaveButtonDisabled();\nprofilePage.clearPhoneNumber();\nprofilePage.typeValidPhoneNumber();\nprofilePage.seeSaveButtonEnabled();\nprofilePage.clickOnSave();",
              "err": {},
              "uuid": "778349cf-994d-4027-8fb9-64659ab6dd8e",
              "parentUUID": "de41bec9-d88c-4085-bb74-bb796ef4a203",
              "isHook": false,
              "skipped": false
            }
          ],
          "suites": [],
          "passes": [
            "778349cf-994d-4027-8fb9-64659ab6dd8e"
          ],
          "failures": [],
          "pending": [],
          "skipped": [],
          "duration": 5258,
          "root": false,
          "rootEmpty": false,
          "_timeout": 2000
        }
      ],
      "passes": [],
      "failures": [],
      "pending": [],
      "skipped": [],
      "duration": 0,
      "root": true,
      "rootEmpty": true,
      "_timeout": 2000
    }
  ],
  "meta": {
    "mocha": {
      "version": "7.0.1"
    },
    "mochawesome": {
      "options": {
        "quiet": false,
        "reportFilename": "mochawesome",
        "saveHtml": false,
        "saveJson": true,
        "consoleReporter": "spec",
        "useInlineDiffs": false,
        "code": true
      },
      "version": "6.1.1"
    },
    "marge": {
      "options": {
        "id": "default",
        "reportDir": "cypress/reports/mocha",
        "quite": true,
        "overwrite": false,
        "html": false,
        "json": true
      },
      "version": "5.1.0"
    }
  }
}